
> simple-dashboard@1.0.0 start:api
> node server.cjs

node:events:496
      throw er; // Unhandled 'error' event
      ^

Error: listen EADDRINUSE: address already in use :::4001
    at Server.setupListenHandle [as _listen2] (node:net:1940:16)
    at listenInCluster (node:net:1997:12)
    at Server.listen (node:net:2102:7)
    at Function.listen (C:\Users\adars\OneDrive\Desktop\admin dashboard\ADMIN-employee\node_modules\express\lib\application.js:635:24)
    at C:\Users\adars\OneDrive\Desktop\admin dashboard\ADMIN-employee\server.cjs:256:7
    at process.processTicksAndRejections (node:internal/process/task_queues:105:5)
Emitted 'error' event on Server instance at:
    at emitErrorNT (node:net:1976:8)
    at process.processTicksAndRejections (node:internal/process/task_queues:90:21) {
  code: 'EADDRINUSE',
  errno: -4091,
  syscall: 'listen',
  address: '::',
  port: 4001
}

Node.js v22.18.0
